[0m15:27:31.205264 [debug] [MainThread]: Sending event: {'category': 'dbt', 'action': 'invocation', 'label': 'start', 'context': [<snowplow_tracker.self_describing_json.SelfDescribingJson object at 0x0000018953007BD0>, <snowplow_tracker.self_describing_json.SelfDescribingJson object at 0x00000189578FA950>, <snowplow_tracker.self_describing_json.SelfDescribingJson object at 0x00000189568D5B50>]}


============================== 15:27:31.214419 | 19c6201d-f83a-4221-bd4d-f6de84e6b6b5 ==============================
[0m15:27:31.214419 [info ] [MainThread]: Running with dbt=1.11.7
[0m15:27:31.214419 [debug] [MainThread]: running dbt with arguments {'version_check': 'True', 'no_print': 'None', 'static_parser': 'True', 'warn_error_options': 'WarnErrorOptionsV2(error=[], warn=[], silence=[])', 'target_path': 'None', 'printer_width': '80', 'write_json': 'True', 'empty': 'None', 'log_cache_events': 'False', 'introspect': 'True', 'cache_selected_only': 'False', 'fail_fast': 'False', 'debug': 'False', 'log_format': 'default', 'partial_parse': 'True', 'send_anonymous_usage_stats': 'True', 'quiet': 'False', 'warn_error': 'None', 'profiles_dir': 'C:\\Users\\rajap\\.dbt', 'use_colors': 'True', 'invocation_command': 'dbt init neet_dbt', 'indirect_selection': 'eager', 'use_experimental_parser': 'False', 'log_path': 'logs'}
[0m15:27:31.246841 [info ] [MainThread]: Creating dbt configuration folder at C:\Users\rajap\.dbt
[0m15:27:31.255299 [debug] [MainThread]: Starter project path: C:\Users\rajap\Documents\DataEngineering_project_neet\neet-pipeline\venv\Lib\site-packages\dbt\include\starter_project
[0m15:27:31.398900 [info ] [MainThread]: 
Your new dbt project "neet_dbt" was created!

For more information on how to configure the profiles.yml file,
please consult the dbt documentation here:

  https://docs.getdbt.com/docs/configure-your-profile

One more thing:

Need help? Don't hesitate to reach out to us via GitHub issues or on Slack:

  https://community.getdbt.com/

Happy modeling!

[0m15:27:31.398900 [info ] [MainThread]: Setting up your profile.
[0m15:31:02.828118 [info ] [MainThread]: Profile neet_dbt written to C:\Users\rajap\.dbt\profiles.yml using target's profile_template.yml and your supplied values. Run 'dbt debug' to validate the connection.
[0m15:31:02.829123 [debug] [MainThread]: Command `dbt init` succeeded at 15:31:02.829123 after 211.74 seconds
[0m15:31:02.829123 [debug] [MainThread]: Sending event: {'category': 'dbt', 'action': 'invocation', 'label': 'end', 'context': [<snowplow_tracker.self_describing_json.SelfDescribingJson object at 0x000001894FB84690>, <snowplow_tracker.self_describing_json.SelfDescribingJson object at 0x00000189568C5E90>, <snowplow_tracker.self_describing_json.SelfDescribingJson object at 0x000001894FD14F10>]}
[0m15:31:02.829123 [debug] [MainThread]: Flushing usage events
[0m15:31:04.247147 [debug] [MainThread]: An error was encountered while trying to flush usage events
